<?xml version="1.0" encoding="utf-8"?><testsuites name="pytest tests"><testsuite name="pytest" errors="0" failures="0" skipped="0" tests="11" time="11.058" timestamp="2026-04-04T11:20:59.873408+00:00" hostname="agent-env-fb8b62b4-5890-439f-8dac-0a92b415e2d7"><testcase classname="tests.test_forgot_password.TestForgotPasswordEndpoints" name="test_forgot_password_with_valid_email" time="3.147" /><testcase classname="tests.test_forgot_password.TestForgotPasswordEndpoints" name="test_forgot_password_with_nonexistent_email" time="0.099" /><testcase classname="tests.test_forgot_password.TestForgotPasswordEndpoints" name="test_forgot_password_invalid_email_format" time="0.098" /><testcase classname="tests.test_forgot_password.TestForgotPasswordEndpoints" name="test_verify_reset_code_with_wrong_code" time="3.226" /><testcase classname="tests.test_forgot_password.TestForgotPasswordEndpoints" name="test_verify_reset_code_with_nonexistent_email" time="0.095" /><testcase classname="tests.test_forgot_password.TestForgotPasswordEndpoints" name="test_verify_reset_code_short_password" time="3.085" /><testcase classname="tests.test_forgot_password.TestLoginRegression" name="test_admin_login_still_works" time="0.327" /><testcase classname="tests.test_forgot_password.TestLoginRegression" name="test_login_with_wrong_password" time="0.316" /><testcase classname="tests.test_forgot_password.TestLoginRegression" name="test_health_endpoint" time="0.107" /><testcase classname="tests.test_forgot_password.TestAuthMeEndpoint" name="test_auth_me_without_session" time="0.090" /><testcase classname="tests.test_forgot_password.TestAuthMeEndpoint" name="test_auth_me_with_session" time="0.401" /></testsuite></testsuites>