<?xml version="1.0" encoding="utf-8"?><testsuites name="pytest tests"><testsuite name="pytest" errors="0" failures="0" skipped="0" tests="16" time="5.536" timestamp="2026-04-05T16:49:53.208994+00:00" hostname="agent-env-fb8b62b4-5890-439f-8dac-0a92b415e2d7"><testcase classname="backend.tests.test_api.TestHealthCheck" name="test_api_root" time="0.124" /><testcase classname="backend.tests.test_api.TestAuth" name="test_login_success" time="0.336" /><testcase classname="backend.tests.test_api.TestAuth" name="test_login_invalid_credentials" time="0.386" /><testcase classname="backend.tests.test_api.TestAuth" name="test_register_new_user" time="0.381" /><testcase classname="backend.tests.test_api.TestAuth" name="test_register_duplicate_email" time="0.142" /><testcase classname="backend.tests.test_api.TestAuth" name="test_get_me_authenticated" time="0.432" /><testcase classname="backend.tests.test_api.TestAuth" name="test_get_me_unauthenticated" time="0.112" /><testcase classname="backend.tests.test_api.TestAuth" name="test_logout" time="0.446" /><testcase classname="backend.tests.test_api.TestDocuments" name="test_get_documents_authenticated" time="0.402" /><testcase classname="backend.tests.test_api.TestDocuments" name="test_get_documents_unauthenticated" time="0.097" /><testcase classname="backend.tests.test_api.TestDocuments" name="test_search_documents" time="0.370" /><testcase classname="backend.tests.test_api.TestPaywallEnforcement" name="test_generate_text_non_subscriber" time="0.371" /><testcase classname="backend.tests.test_api.TestPaywallEnforcement" name="test_generate_text_admin_allowed" time="0.367" /><testcase classname="backend.tests.test_api.TestPaywallEnforcement" name="test_improve_text_non_subscriber" time="0.414" /><testcase classname="backend.tests.test_api.TestPayments" name="test_checkout_authenticated" time="0.962" /><testcase classname="backend.tests.test_api.TestPayments" name="test_checkout_unauthenticated" time="0.101" /></testsuite></testsuites>